<?xml version="1.0" encoding="UTF-8"?>
<!-- Generated by org.testng.reporters.JUnitXMLReporter -->
<testsuite ignored="0" hostname="KSB" failures="1" tests="7" name="GitHub_Test" time="154.092" errors="0" timestamp="2022-09-24T13:09:03 IST">
  <testcase classname="github_Test.Github_Repo_Test" name="check_invalidlogin" time="13.437"/>
  <testcase classname="github_Test.Github_Repo_Test" name="check_validlogin" time="10.386"/>
  <testcase classname="github_Test.Github_Repo_Test" name="verify_repo_owner" time="2.938"/>
  <testcase classname="github_Test.Github_Repo_Test" name="create_newrepo" time="37.717">
    <failure type="org.openqa.selenium.StaleElementReferenceException" message="stale element reference: element is not attached to the page document
  (Session info: chrome=105.0.5195.127)
For documentation on this error, please visit: https://selenium.dev/exceptions/#stale_element_reference
Build info: version: &amp;apos;4.4.0&amp;apos;, revision: &amp;apos;e5c75ed026a&amp;apos;
System info: host: &amp;apos;KSB&amp;apos;, ip: &amp;apos;192.168.0.116&amp;apos;, os.name: &amp;apos;Windows 10&amp;apos;, os.arch: &amp;apos;amd64&amp;apos;, os.version: &amp;apos;10.0&amp;apos;, java.version: &amp;apos;17.0.4.1&amp;apos;
Driver info: org.openqa.selenium.chrome.ChromeDriver
Command: [6f65643ee46c5f752ff21a8320e1678f, isElementDisplayed {id=0978d17a-5f71-4cbc-80bd-67094c03538c}]
Capabilities {acceptInsecureCerts: false, browserName: chrome, browserVersion: 105.0.5195.127, chrome: {chromedriverVersion: 105.0.5195.52 (412c95e51883..., userDataDir: C:\Users\bisht\AppData\Loca...}, goog:chromeOptions: {debuggerAddress: localhost:62379}, networkConnectionEnabled: false, pageLoadStrategy: normal, platformName: WINDOWS, proxy: Proxy(), se:cdp: ws://localhost:62379/devtoo..., se:cdpVersion: 105.0.5195.127, setWindowRect: true, strictFileInteractability: false, timeouts: {implicit: 0, pageLoad: 300000, script: 30000}, unhandledPromptBehavior: dismiss and notify, webauthn:extension:credBlob: true, webauthn:extension:largeBlob: true, webauthn:virtualAuthenticators: true}
Element: [[ChromeDriver: chrome on WINDOWS (6f65643ee46c5f752ff21a8320e1678f)] -&amp;gt; xpath: //*[@id=&amp;quot;partial-discussion-header&amp;quot;]/div[1]/div/h1/span[1]]
Session ID: 6f65643ee46c5f752ff21a8320e1678f">
      <![CDATA[org.openqa.selenium.StaleElementReferenceException: stale element reference: element is not attached to the page document
  (Session info: chrome=105.0.5195.127)
For documentation on this error, please visit: https://selenium.dev/exceptions/#stale_element_reference
Build info: version: '4.4.0', revision: 'e5c75ed026a'
System info: host: 'KSB', ip: '192.168.0.116', os.name: 'Windows 10', os.arch: 'amd64', os.version: '10.0', java.version: '17.0.4.1'
Driver info: org.openqa.selenium.chrome.ChromeDriver
Command: [6f65643ee46c5f752ff21a8320e1678f, isElementDisplayed {id=0978d17a-5f71-4cbc-80bd-67094c03538c}]
Capabilities {acceptInsecureCerts: false, browserName: chrome, browserVersion: 105.0.5195.127, chrome: {chromedriverVersion: 105.0.5195.52 (412c95e51883..., userDataDir: C:\Users\bisht\AppData\Loca...}, goog:chromeOptions: {debuggerAddress: localhost:62379}, networkConnectionEnabled: false, pageLoadStrategy: normal, platformName: WINDOWS, proxy: Proxy(), se:cdp: ws://localhost:62379/devtoo..., se:cdpVersion: 105.0.5195.127, setWindowRect: true, strictFileInteractability: false, timeouts: {implicit: 0, pageLoad: 300000, script: 30000}, unhandledPromptBehavior: dismiss and notify, webauthn:extension:credBlob: true, webauthn:extension:largeBlob: true, webauthn:virtualAuthenticators: true}
Element: [[ChromeDriver: chrome on WINDOWS (6f65643ee46c5f752ff21a8320e1678f)] -> xpath: //*[@id="partial-discussion-header"]/div[1]/div/h1/span[1]]
Session ID: 6f65643ee46c5f752ff21a8320e1678f
at org.openqa.selenium.remote.codec.w3c.W3CHttpResponseCodec.createException(W3CHttpResponseCodec.java:200)
at org.openqa.selenium.remote.codec.w3c.W3CHttpResponseCodec.decode(W3CHttpResponseCodec.java:133)
at org.openqa.selenium.remote.codec.w3c.W3CHttpResponseCodec.decode(W3CHttpResponseCodec.java:53)
at org.openqa.selenium.remote.HttpCommandExecutor.execute(HttpCommandExecutor.java:184)
at org.openqa.selenium.remote.service.DriverCommandExecutor.invokeExecute(DriverCommandExecutor.java:167)
at org.openqa.selenium.remote.service.DriverCommandExecutor.execute(DriverCommandExecutor.java:142)
at org.openqa.selenium.remote.RemoteWebDriver.execute(RemoteWebDriver.java:547)
at org.openqa.selenium.remote.RemoteWebElement.execute(RemoteWebElement.java:257)
at org.openqa.selenium.remote.RemoteWebElement.isDisplayed(RemoteWebElement.java:313)
at org.openqa.selenium.support.pagefactory.internal.LocatingElementHandler.invoke(LocatingElementHandler.java:52)
at jdk.proxy2/jdk.proxy2.$Proxy20.isDisplayed(Unknown Source)
at github_pages.Github_Repo_Page.create_newrepo(Github_Repo_Page.java:174)
at github_Test.Github_Repo_Test.create_newrepo(Github_Repo_Test.java:34)
at java.base/java.util.ArrayList.forEach(ArrayList.java:1511)
... Removed 36 stack frames]]>
    </failure>
  </testcase> <!-- create_newrepo -->
  <testcase classname="github_Test.Github_Repo_Test" name="delete_repo" time="9.796"/>
  <testcase classname="github_Test.Github_Repo_Test" name="verify_repo_delete" time="0.202"/>
  <testcase classname="github_Test.Github_Repo_Test" name="verify_logout" time="6.487"/>
</testsuite> <!-- GitHub_Test -->
